<?xml version="1.0" encoding="UTF-8"?>
<!-- Generated by org.testng.reporters.JUnitReportReporter -->
<testsuite hostname="EPINGUGW0218" failures="0" tests="1" name="com.epam.certs.tests.clientCertsTests" time="2.491" errors="0" timestamp="2024-05-26T17:17:13 IST" skipped="0">
  <testcase classname="com.epam.certs.tests.clientCertsTests" name="test_http_with_client_certs" time="2.491"/>
  <system-out/>
</testsuite> <!-- com.epam.certs.tests.clientCertsTests -->
