<?xml version="1.0" encoding="UTF-8"?>
<!-- Generated by org.testng.reporters.JUnitReportReporter -->
<testsuite hostname="EPINGUGW0218" failures="0" tests="5" name="com.epam.pet.tests.petTests" time="25.006" errors="0" timestamp="2024-05-26T17:17:13 IST" skipped="0">
  <testcase classname="com.epam.pet.tests.petTests" name="test_UploadPhoto" time="1.556"/>
  <system-out/>
  <testcase classname="com.epam.pet.tests.petTests" name="test_FindByStatus" time="10.285"/>
  <system-out/>
  <testcase classname="com.epam.pet.tests.petTests" name="test_Serialization_Deserialization" time="2.807"/>
  <system-out/>
  <testcase classname="com.epam.pet.tests.petTests" name="test_Chaining" time="8.749"/>
  <system-out/>
  <testcase classname="com.epam.pet.tests.petTests" name="test_Complex_POJO" time="1.609"/>
  <system-out/>
</testsuite> <!-- com.epam.pet.tests.petTests -->
