<?xml version="1.0" encoding="UTF-8"?>
<!-- Generated by org.testng.reporters.JUnitReportReporter -->
<testsuite hostname="EPINGUGW0218" failures="0" tests="1" name="com.epam.pet.tests.petSchemaTests" time="1.604" errors="0" timestamp="2024-05-26T17:17:13 IST" skipped="0">
  <testcase classname="com.epam.pet.tests.petSchemaTests" name="testJsonSchemaData" time="1.604"/>
  <system-out/>
</testsuite> <!-- com.epam.pet.tests.petSchemaTests -->
